<?xml version="1.0" encoding="UTF-8"?>
<testng-results ignored="0" total="1" passed="1" failed="0" skipped="0">
  <reporter-output>
  </reporter-output>
  <suite started-at="2023-03-14T19:40:21 IST" name="OpencartSuite" finished-at="2023-03-14T19:40:30 IST" duration-ms="8913">
    <groups>
      <group name="regression">
        <method signature="Tc_001_AccountRegistration.testcase_Account()[pri:1, instance:Testcases.Tc_001_AccountRegistration@5e0826e7]" name="testcase_Account" class="Testcases.Tc_001_AccountRegistration"/>
      </group> <!-- regression -->
      <group name="sanity">
        <method signature="Tc_001_AccountRegistration.testcase_Account()[pri:1, instance:Testcases.Tc_001_AccountRegistration@5e0826e7]" name="testcase_Account" class="Testcases.Tc_001_AccountRegistration"/>
      </group> <!-- sanity -->
    </groups>
    <test started-at="2023-03-14T19:40:21 IST" name="AccountTest" finished-at="2023-03-14T19:40:30 IST" duration-ms="8913">
      <class name="Testcases.Tc_001_AccountRegistration">
        <test-method is-config="true" signature="launchapp(java.lang.String)[pri:0, instance:Testcases.Tc_001_AccountRegistration@5e0826e7]" started-at="2023-03-14T19:40:21 IST" name="launchapp" finished-at="2023-03-14T19:40:25 IST" duration-ms="4174" status="PASS">
          <params>
            <param index="0">
              <value>
                <![CDATA[chrome]]>
              </value>
            </param>
          </params>
          <reporter-output>
          </reporter-output>
        </test-method> <!-- launchapp -->
        <test-method signature="testcase_Account()[pri:1, instance:Testcases.Tc_001_AccountRegistration@5e0826e7]" started-at="2023-03-14T19:40:25 IST" name="testcase_Account" finished-at="2023-03-14T19:40:30 IST" duration-ms="4309" status="PASS">
          <reporter-output>
          </reporter-output>
        </test-method> <!-- testcase_Account -->
        <test-method is-config="true" signature="tearDown()[pri:0, instance:Testcases.Tc_001_AccountRegistration@5e0826e7]" started-at="2023-03-14T19:40:30 IST" name="tearDown" finished-at="2023-03-14T19:40:30 IST" duration-ms="370" status="PASS">
          <reporter-output>
          </reporter-output>
        </test-method> <!-- tearDown -->
      </class> <!-- Testcases.Tc_001_AccountRegistration -->
    </test> <!-- AccountTest -->
  </suite> <!-- OpencartSuite -->
</testng-results>
